<?xml version="1.0" encoding="UTF-8"?>
<testsuite xmlns:xsi="http://www.w3.org/2001/XMLSchema-instance" xsi:noNamespaceSchemaLocation="https://maven.apache.org/surefire/maven-surefire-plugin/xsd/surefire-test-report-3.0.xsd" version="3.0" name="dev.celestia.estari.ledger.LedgerTest" time="0.1" tests="9" errors="0" skipped="0" failures="0">
  <properties>
[...]
</properties>
  <testcase name="putAndGetRoundTrips" classname="dev.celestia.estari.ledger.LedgerTest" time="0.028"/>
  <testcase name="putRejectsMissingId" classname="dev.celestia.estari.ledger.LedgerTest" time="0.001"/>
  <testcase name="putReplacesExistingRecordById" classname="dev.celestia.estari.ledger.LedgerTest" time="0.0"/>
  <testcase name="queryMatchesArrayFieldsByContainment" classname="dev.celestia.estari.ledger.LedgerTest" time="0.001"/>
  <testcase name="putRejectsUnknownCollection" classname="dev.celestia.estari.ledger.LedgerTest" time="0.002"/>
  <testcase name="saveAndLoadRoundTripsAllCollections(File)" classname="dev.celestia.estari.ledger.LedgerTest" time="0.055"/>
  <testcase name="queryFiltersByScalarSubsetMatch" classname="dev.celestia.estari.ledger.LedgerTest" time="0.002"/>
  <testcase name="deleteRemovesRecord" classname="dev.celestia.estari.ledger.LedgerTest" time="0.001"/>
  <testcase name="queryWithNullFilterReturnsEverything" classname="dev.celestia.estari.ledger.LedgerTest" time="0.001"/>
</testsuite>